<?xml version="1.0" encoding="UTF-8"?>
<testng-results skipped="0" failed="1" total="1" passed="0">
  <reporter-output>
  </reporter-output>
  <suite name="Adactin-suite" duration-ms="5308" started-at="2016-05-07T20:32:25Z" finished-at="2016-05-07T20:32:30Z">
    <groups>
      <group name="firefox">
        <method signature="TC101.testLogin()[pri:0, instance:com.sqa.ma.adactin.TC101@a9c6fd8]" name="testLogin" class="com.sqa.ma.adactin.TC101"/>
      </group> <!-- firefox -->
      <group name="chrome">
        <method signature="TC101.testLogin()[pri:0, instance:com.sqa.ma.adactin.TC101@a9c6fd8]" name="testLogin" class="com.sqa.ma.adactin.TC101"/>
      </group> <!-- chrome -->
      <group name="safari">
        <method signature="TC101.testLogin()[pri:0, instance:com.sqa.ma.adactin.TC101@a9c6fd8]" name="testLogin" class="com.sqa.ma.adactin.TC101"/>
      </group> <!-- safari -->
    </groups>
    <test name="Safari Adactin Tests" duration-ms="5308" started-at="2016-05-07T20:32:25Z" finished-at="2016-05-07T20:32:30Z">
      <class name="com.sqa.ma.adactin.TC101">
        <test-method status="PASS" signature="setUpSafari()[pri:0, instance:com.sqa.ma.adactin.TC101@a9c6fd8]" name="setUpSafari" is-config="true" duration-ms="4600" started-at="2016-05-07T13:32:25Z" finished-at="2016-05-07T13:32:30Z">
          <reporter-output>
          </reporter-output>
        </test-method> <!-- setUpSafari -->
        <test-method status="FAIL" signature="testLogin()[pri:0, instance:com.sqa.ma.adactin.TC101@a9c6fd8]" name="testLogin" duration-ms="679" started-at="2016-05-07T13:32:30Z" finished-at="2016-05-07T13:32:30Z">
          <exception class="java.lang.AssertionError">
            <message>
              <![CDATA[expected [true] but found [false]]]>
            </message>
            <full-stacktrace>
              <![CDATA[java.lang.AssertionError: expected [true] but found [false]
	at org.testng.Assert.fail(Assert.java:94)
	at org.testng.Assert.failNotEquals(Assert.java:494)
	at org.testng.Assert.assertTrue(Assert.java:42)
	at org.testng.Assert.assertTrue(Assert.java:52)
	at com.sqa.ma.adactin.TC101.testLogin(TC101.java:65)
	at sun.reflect.NativeMethodAccessorImpl.invoke0(Native Method)
	at sun.reflect.NativeMethodAccessorImpl.invoke(NativeMethodAccessorImpl.java:57)
	at sun.reflect.DelegatingMethodAccessorImpl.invoke(DelegatingMethodAccessorImpl.java:43)
	at java.lang.reflect.Method.invoke(Method.java:606)
	at org.testng.internal.MethodInvocationHelper.invokeMethod(MethodInvocationHelper.java:85)
	at org.testng.internal.Invoker.invokeMethod(Invoker.java:696)
	at org.testng.internal.Invoker.invokeTestMethod(Invoker.java:882)
	at org.testng.internal.Invoker.invokeTestMethods(Invoker.java:1189)
	at org.testng.internal.TestMethodWorker.invokeTestMethods(TestMethodWorker.java:124)
	at org.testng.internal.TestMethodWorker.run(TestMethodWorker.java:108)
	at org.testng.TestRunner.privateRun(TestRunner.java:767)
	at org.testng.TestRunner.run(TestRunner.java:617)
	at org.testng.SuiteRunner.runTest(SuiteRunner.java:348)
	at org.testng.SuiteRunner.runSequentially(SuiteRunner.java:343)
	at org.testng.SuiteRunner.privateRun(SuiteRunner.java:305)
	at org.testng.SuiteRunner.run(SuiteRunner.java:254)
	at org.testng.SuiteRunnerWorker.runSuite(SuiteRunnerWorker.java:52)
	at org.testng.SuiteRunnerWorker.run(SuiteRunnerWorker.java:86)
	at org.testng.TestNG.runSuitesSequentially(TestNG.java:1224)
	at org.testng.TestNG.runSuitesLocally(TestNG.java:1149)
	at org.testng.TestNG.run(TestNG.java:1057)
	at org.testng.remote.AbstractRemoteTestNG.run(AbstractRemoteTestNG.java:126)
	at org.testng.remote.RemoteTestNG.initAndRun(RemoteTestNG.java:137)
	at org.testng.remote.RemoteTestNG.main(RemoteTestNG.java:58)
]]>
            </full-stacktrace>
          </exception> <!-- java.lang.AssertionError -->
          <reporter-output>
          </reporter-output>
        </test-method> <!-- testLogin -->
      </class> <!-- com.sqa.ma.adactin.TC101 -->
    </test> <!-- Safari Adactin Tests -->
  </suite> <!-- Adactin-suite -->
</testng-results>
